<?xml version="1.0" encoding="UTF-8"?>
<!-- Generated by org.testng.reporters.JUnitReportReporter -->
<testsuite hostname="LAPTOP-AOJ543G5" failures="0" tests="4"
	name="TestSuite.TC07_VerifyNon_scheduledOrderPlacedWithSameImageSlabAsScheduleOrder"
	time="174.861" errors="1" timestamp="2023-01-17T18:01:17 IST"
	skipped="3">
	<testcase
		classname="TestSuite.TC07_VerifyNon_scheduledOrderPlacedWithSameImageSlabAsScheduleOrder"
		name="placeNonScheduleOrderAndGetOrderName" time="174.861">
		<error
			message="Unable to locate element: //div[@class=&#039;form-group txt_box_field full-width-pe mB-pe-15&#039;]//span/strong
For documentation on this error, please visit: http://seleniumhq.org/exceptions/no_such_element.html
Build info: version: &#039;3.4.0&#039;, revision: &#039;unknown&#039;, time: &#039;unknown&#039;
System info: host: &#039;LAPTOP-AOJ543G5&#039;, ip: &#039;192.168.29.184&#039;, os.name: &#039;Windows 11&#039;, os.arch: &#039;amd64&#039;, os.version: &#039;10.0&#039;, java.version: &#039;17.0.3&#039;
Driver info: org.openqa.selenium.firefox.FirefoxDriver
Capabilities [{moz:profile=C:\Users\BHARAT~1\AppData\Local\Temp\rust_mozprofileqeP7Xj, moz:geckodriverVersion=0.31.0, timeouts={implicit=0.0, pageLoad=300000.0, script=30000.0}, pageLoadStrategy=normal, unhandledPromptBehavior=dismiss and notify, strictFileInteractability=false, moz:headless=false, moz:windowless=false, platform=ANY, proxy=Proxy(), moz:accessibilityChecks=false, moz:useNonSpecCompliantPointerOrigin=false, acceptInsecureCerts=false, browserVersion=108.0.2, moz:shutdownTimeout=60000.0, moz:processID=60716.0, browserName=firefox, moz:buildID=20230104165113, javascriptEnabled=true, moz:platformVersion=10.0, platformName=windows, setWindowRect=true, moz:webdriverClick=true}]
Session ID: 72f52694-0490-4457-9ef9-a8803803d5eb
*** Element info: {Using=xpath, value=//div[@class=&#039;form-group txt_box_field full-width-pe mB-pe-15&#039;]//span/strong}"
			type="org.openqa.selenium.NoSuchElementException">
      <![CDATA[org.openqa.selenium.NoSuchElementException: Unable to locate element: //div[@class='form-group txt_box_field full-width-pe mB-pe-15']//span/strong
For documentation on this error, please visit: http://seleniumhq.org/exceptions/no_such_element.html
Build info: version: '3.4.0', revision: 'unknown', time: 'unknown'
System info: host: 'LAPTOP-AOJ543G5', ip: '192.168.29.184', os.name: 'Windows 11', os.arch: 'amd64', os.version: '10.0', java.version: '17.0.3'
Driver info: org.openqa.selenium.firefox.FirefoxDriver
Capabilities [{moz:profile=C:\Users\BHARAT~1\AppData\Local\Temp\rust_mozprofileqeP7Xj, moz:geckodriverVersion=0.31.0, timeouts={implicit=0.0, pageLoad=300000.0, script=30000.0}, pageLoadStrategy=normal, unhandledPromptBehavior=dismiss and notify, strictFileInteractability=false, moz:headless=false, moz:windowless=false, platform=ANY, proxy=Proxy(), moz:accessibilityChecks=false, moz:useNonSpecCompliantPointerOrigin=false, acceptInsecureCerts=false, browserVersion=108.0.2, moz:shutdownTimeout=60000.0, moz:processID=60716.0, browserName=firefox, moz:buildID=20230104165113, javascriptEnabled=true, moz:platformVersion=10.0, platformName=windows, setWindowRect=true, moz:webdriverClick=true}]
Session ID: 72f52694-0490-4457-9ef9-a8803803d5eb
*** Element info: {Using=xpath, value=//div[@class='form-group txt_box_field full-width-pe mB-pe-15']//span/strong}
at java.base/jdk.internal.reflect.NativeConstructorAccessorImpl.newInstance0(Native Method)
at java.base/jdk.internal.reflect.NativeConstructorAccessorImpl.newInstance(NativeConstructorAccessorImpl.java:77)
at java.base/jdk.internal.reflect.DelegatingConstructorAccessorImpl.newInstance(DelegatingConstructorAccessorImpl.java:45)
at java.base/java.lang.reflect.Constructor.newInstanceWithCaller(Constructor.java:499)
at java.base/java.lang.reflect.Constructor.newInstance(Constructor.java:480)
at org.openqa.selenium.remote.http.W3CHttpResponseCodec.createException(W3CHttpResponseCodec.java:150)
at org.openqa.selenium.remote.http.W3CHttpResponseCodec.decode(W3CHttpResponseCodec.java:115)
at org.openqa.selenium.remote.http.W3CHttpResponseCodec.decode(W3CHttpResponseCodec.java:45)
at org.openqa.selenium.remote.HttpCommandExecutor.execute(HttpCommandExecutor.java:164)
at org.openqa.selenium.remote.service.DriverCommandExecutor.execute(DriverCommandExecutor.java:82)
at org.openqa.selenium.remote.RemoteWebDriver.execute(RemoteWebDriver.java:637)
at org.openqa.selenium.remote.RemoteWebDriver.findElement(RemoteWebDriver.java:410)
at org.openqa.selenium.remote.RemoteWebDriver.findElementByXPath(RemoteWebDriver.java:509)
at org.openqa.selenium.By$ByXPath.findElement(By.java:361)
at org.openqa.selenium.remote.RemoteWebDriver.findElement(RemoteWebDriver.java:402)
at org.openqa.selenium.support.pagefactory.DefaultElementLocator.findElement(DefaultElementLocator.java:69)
at org.openqa.selenium.support.pagefactory.internal.LocatingElementHandler.invoke(LocatingElementHandler.java:38)
at jdk.proxy2/jdk.proxy2.$Proxy9.getText(Unknown Source)
at com.photographers.client.CalendarPage.placeNonScheduleOrder(CalendarPage.java:1271)
at TestSuite.TC07_VerifyNon_scheduledOrderPlacedWithSameImageSlabAsScheduleOrder.placeNonScheduleOrderAndGetOrderName(TC07_VerifyNon_scheduledOrderPlacedWithSameImageSlabAsScheduleOrder.java:47)
at java.base/jdk.internal.reflect.NativeMethodAccessorImpl.invoke0(Native Method)
at java.base/jdk.internal.reflect.NativeMethodAccessorImpl.invoke(NativeMethodAccessorImpl.java:77)
at java.base/jdk.internal.reflect.DelegatingMethodAccessorImpl.invoke(DelegatingMethodAccessorImpl.java:43)
at java.base/java.lang.reflect.Method.invoke(Method.java:568)
at org.testng.internal.MethodInvocationHelper.invokeMethod(MethodInvocationHelper.java:133)
at org.testng.internal.TestInvoker.invokeMethod(TestInvoker.java:598)
at org.testng.internal.TestInvoker.invokeTestMethod(TestInvoker.java:173)
at org.testng.internal.MethodRunner.runInSequence(MethodRunner.java:46)
at org.testng.internal.TestInvoker$MethodInvocationAgent.invoke(TestInvoker.java:824)
at org.testng.internal.TestInvoker.invokeTestMethods(TestInvoker.java:146)
at org.testng.internal.TestMethodWorker.invokeTestMethods(TestMethodWorker.java:146)
at org.testng.internal.TestMethodWorker.run(TestMethodWorker.java:128)
at java.base/java.util.ArrayList.forEach(ArrayList.java:1511)
at org.testng.TestRunner.privateRun(TestRunner.java:794)
at org.testng.TestRunner.run(TestRunner.java:596)
at org.testng.SuiteRunner.runTest(SuiteRunner.java:377)
at org.testng.SuiteRunner.runSequentially(SuiteRunner.java:371)
at org.testng.SuiteRunner.privateRun(SuiteRunner.java:332)
at org.testng.SuiteRunner.run(SuiteRunner.java:276)
at org.testng.SuiteRunnerWorker.runSuite(SuiteRunnerWorker.java:53)
at org.testng.SuiteRunnerWorker.run(SuiteRunnerWorker.java:96)
at org.testng.TestNG.runSuitesSequentially(TestNG.java:1212)
at org.testng.TestNG.runSuitesLocally(TestNG.java:1134)
at org.testng.TestNG.runSuites(TestNG.java:1063)
at org.testng.TestNG.run(TestNG.java:1031)
at org.testng.remote.AbstractRemoteTestNG.run(AbstractRemoteTestNG.java:115)
at org.testng.remote.RemoteTestNG.initAndRun(RemoteTestNG.java:251)
at org.testng.remote.RemoteTestNG.main(RemoteTestNG.java:77)
]]>
		</error>
	</testcase> <!-- placeNonScheduleOrderAndGetOrderName -->
	<system-out />
	<testcase
		classname="TestSuite.TC07_VerifyNon_scheduledOrderPlacedWithSameImageSlabAsScheduleOrder"
		name="verifyscheduleAndNonscheduleOrdersEDC">
		<skipped />
	</testcase> <!-- verifyscheduleAndNonscheduleOrdersEDC -->
	<system-out />
	<testcase
		classname="TestSuite.TC07_VerifyNon_scheduledOrderPlacedWithSameImageSlabAsScheduleOrder"
		name="uploadImagesForNonScheduleOrder">
		<skipped />
	</testcase> <!-- uploadImagesForNonScheduleOrder -->
	<system-out />
	<testcase
		classname="TestSuite.TC07_VerifyNon_scheduledOrderPlacedWithSameImageSlabAsScheduleOrder"
		name="placeScheduleOrderAndGetOrderName">
		<skipped />
	</testcase> <!-- placeScheduleOrderAndGetOrderName -->
	<system-out />
</testsuite> <!-- TestSuite.TC07_VerifyNon_scheduledOrderPlacedWithSameImageSlabAsScheduleOrder -->
